foo
foo
foo
foo
user
user
foo
test-fixture-shell CALLED
test-fixture-db CALLED
clojure.core$str@1db04edcheck-user[]
user DOES NOT exist
test-fixture-shell CALLED
test-fixture-db CALLED
clojure.core$str@1db04edcheck-user[]
user DOES NOT exist
test-fixture-shell CALLED
test-fixture-db CALLED
clojure.core$str@1db04edcheck-user[]
user DOES NOT exist
test-fixture-shell CALLED
test-fixture-db CALLED
clojure.core$str@1db04edcheck-user[]
user DOES NOT exist
test-fixture-shell CALLED
test-fixture-db CALLED
clojure.core$str@2a3135check-user[]
user DOES NOT exist
test-fixture-shell CALLED
test-fixture-db CALLED
clojure.core$str@2a3135check-user[]
user DOES NOT exist
test-fixture-shell CALLED
test-fixture-db CALLED
clojure.core$str@c7272check-user[]
user DOES NOT exist
test-fixture-shell CALLED
test-fixture-db CALLED
clojure.core$str@c7272check-user[]
user DOES NOT exist
test-fixture-shell CALLED
test-fixture-db CALLED
clojure.core$str@781046check-user[]
user DOES NOT exist
test-fixture-shell CALLED
test-fixture-db CALLED
clojure.core$str@781046check-user[]
user DOES NOT exist
test-fixture-shell CALLED
test-fixture-db CALLED
clojure.core$str@1eb8f6dcheck-user[]
user DOES NOT exist
test-fixture-shell CALLED
test-fixture-db CALLED
clojure.core$str@1eb8f6dcheck-user[]
user DOES NOT exist
test-fixture-shell CALLED
test-fixture-db CALLED
test-fixture-db EXIT
clojure.core$str@4b7b1check-user[]
user DOES NOT exist
test-fixture-shell CALLED
test-fixture-db CALLED
test-fixture-db EXIT
clojure.core$str@4b7b1check-user[]
user DOES NOT exist
parent: http:///exist/rest
leaf: 
Configuration problem: failed to load class for module http://exist-db.org/xquery/request; class: org.exist.xquery.functions.request.RequestModule; message: org.exist.xquery.functions.request.RequestModule
Configuration problem: failed to load class for module http://exist-db.org/xquery/ngram; class: org.exist.xquery.modules.ngram.NGramModule; message: org.exist.xquery.modules.ngram.NGramModule
Class org.exist.indexing.ngram.NGramIndex not found. Cannot configure index.
parent: xmldb:exist:///exist/rest
leaf: 
Configuration problem: failed to load class for module http://exist-db.org/xquery/request; class: org.exist.xquery.functions.request.RequestModule; message: org.exist.xquery.functions.request.RequestModule
Configuration problem: failed to load class for module http://exist-db.org/xquery/ngram; class: org.exist.xquery.modules.ngram.NGramModule; message: org.exist.xquery.modules.ngram.NGramModule
Class org.exist.indexing.ngram.NGramIndex not found. Cannot configure index.
